### Browser `rw6` opened with pid 37850.
- rw6:
  - browser-type: chrome
  - user-data-dir: <in-memory>
  - headed: true
---
### Ran Playwright code
```js
await page.goto('http://localhost:3000/login');
```
### Page
- Page URL: http://localhost:3000/login
- Page Title: Revisional — Dra. Isis Lisboa & Associados
### Snapshot
- [Snapshot](.playwright-cli/page-2026-02-23T17-59-06-145Z.yml)
### Page
- Page URL: http://localhost:3000/login
- Page Title: Revisional — Dra. Isis Lisboa & Associados
### Snapshot
- [Snapshot](.playwright-cli/page-2026-02-23T17-59-12-311Z.yml)
### Result
- [Screenshot of viewport](.playwright-cli/page-2026-02-23T17-59-16-790Z.png)
### Ran Playwright code
```js
// Screenshot viewport and save it as .playwright-cli/page-2026-02-23T17-59-16-790Z.png
await page.screenshot({
path: '.playwright-cli/page-2026-02-23T17-59-16-790Z.png',
  scale: 'css',
  type: 'png'
});
```
### Ran Playwright code
```js
await page.getByRole('textbox', { name: 'E-mail' }).fill('Isis@isislisboa.com.br');
```
### Ran Playwright code
```js
await page.getByRole('textbox', { name: 'Senha' }).fill('1234abcD');
```
### Page
- Page URL: http://localhost:3000/login
- Page Title: Revisional — Dra. Isis Lisboa & Associados
### Snapshot
- [Snapshot](.playwright-cli/page-2026-02-23T17-59-35-480Z.yml)
### Result
- [Screenshot of viewport](.playwright-cli/page-2026-02-23T17-59-40-513Z.png)
### Ran Playwright code
```js
// Screenshot viewport and save it as .playwright-cli/page-2026-02-23T17-59-40-513Z.png
await page.screenshot({
path: '.playwright-cli/page-2026-02-23T17-59-40-513Z.png',
  scale: 'css',
  type: 'png'
});
```
### Ran Playwright code
```js
await page.getByRole('button', { name: 'Entrar' }).click();
```
### Page
- Page URL: http://localhost:3000/login
- Page Title: Revisional — Dra. Isis Lisboa & Associados
### Snapshot
- [Snapshot](.playwright-cli/page-2026-02-23T17-59-47-804Z.yml)
### Page
- Page URL: http://localhost:3000/dashboard
- Page Title: Revisional — Dra. Isis Lisboa & Associados
### Snapshot
- [Snapshot](.playwright-cli/page-2026-02-23T17-59-56-300Z.yml)
### Result
- [Screenshot of viewport](.playwright-cli/page-2026-02-23T18-00-00-758Z.png)
### Ran Playwright code
```js
// Screenshot viewport and save it as .playwright-cli/page-2026-02-23T18-00-00-758Z.png
await page.screenshot({
path: '.playwright-cli/page-2026-02-23T18-00-00-758Z.png',
  scale: 'css',
  type: 'png'
});
```
### Page
- Page URL: http://localhost:3000/dashboard
- Page Title: Revisional — Dra. Isis Lisboa & Associados
### Snapshot
- [Snapshot](.playwright-cli/page-2026-02-23T18-00-05-552Z.yml)
### Ran Playwright code
```js
await page.getByRole('link', { name: 'Dashboard' }).click();
```
### Page
- Page URL: http://localhost:3000/dashboard
- Page Title: Revisional — Dra. Isis Lisboa & Associados
### Snapshot
- [Snapshot](.playwright-cli/page-2026-02-23T18-00-14-613Z.yml)
### Page
- Page URL: http://localhost:3000/dashboard
- Page Title: Revisional — Dra. Isis Lisboa & Associados
### Snapshot
- [Snapshot](.playwright-cli/page-2026-02-23T18-00-20-488Z.yml)
### Result
- [Screenshot of viewport](.playwright-cli/page-2026-02-23T18-00-24-793Z.png)
### Ran Playwright code
```js
// Screenshot viewport and save it as .playwright-cli/page-2026-02-23T18-00-24-793Z.png
await page.screenshot({
path: '.playwright-cli/page-2026-02-23T18-00-24-793Z.png',
  scale: 'css',
  type: 'png'
});
```
### Page
- Page URL: http://localhost:3000/dashboard
- Page Title: Revisional — Dra. Isis Lisboa & Associados
### Snapshot
- [Snapshot](.playwright-cli/page-2026-02-23T18-00-29-221Z.yml)
### Ran Playwright code
```js
await page.getByRole('link', { name: 'Revisional' }).click();
```
### Page
- Page URL: http://localhost:3000/analyses
- Page Title: Revisional — Dra. Isis Lisboa & Associados
### Snapshot
- [Snapshot](.playwright-cli/page-2026-02-23T18-00-40-673Z.yml)
### Page
- Page URL: http://localhost:3000/analyses
- Page Title: Revisional — Dra. Isis Lisboa & Associados
### Snapshot
- [Snapshot](.playwright-cli/page-2026-02-23T18-00-46-699Z.yml)
### Result
- [Screenshot of viewport](.playwright-cli/page-2026-02-23T18-00-51-086Z.png)
### Ran Playwright code
```js
// Screenshot viewport and save it as .playwright-cli/page-2026-02-23T18-00-51-086Z.png
await page.screenshot({
path: '.playwright-cli/page-2026-02-23T18-00-51-086Z.png',
  scale: 'css',
  type: 'png'
});
```
### Page
- Page URL: http://localhost:3000/analyses
- Page Title: Revisional — Dra. Isis Lisboa & Associados
### Snapshot
- [Snapshot](.playwright-cli/page-2026-02-23T18-00-57-291Z.yml)
### Ran Playwright code
```js
await page.getByRole('link', { name: 'Clientes' }).click();
```
### Page
- Page URL: http://localhost:3000/clients
- Page Title: Revisional — Dra. Isis Lisboa & Associados
### Snapshot
- [Snapshot](.playwright-cli/page-2026-02-23T18-01-08-938Z.yml)
### Page
- Page URL: http://localhost:3000/clients
- Page Title: Revisional — Dra. Isis Lisboa & Associados
### Snapshot
- [Snapshot](.playwright-cli/page-2026-02-23T18-01-15-058Z.yml)
### Result
- [Screenshot of viewport](.playwright-cli/page-2026-02-23T18-01-19-489Z.png)
### Ran Playwright code
```js
// Screenshot viewport and save it as .playwright-cli/page-2026-02-23T18-01-19-489Z.png
await page.screenshot({
path: '.playwright-cli/page-2026-02-23T18-01-19-489Z.png',
  scale: 'css',
  type: 'png'
});
```
### Page
- Page URL: http://localhost:3000/clients
- Page Title: Revisional — Dra. Isis Lisboa & Associados
### Snapshot
- [Snapshot](.playwright-cli/page-2026-02-23T18-01-24-042Z.yml)
### Ran Playwright code
```js
await page.getByRole('link', { name: 'Financeiro' }).click();
```
### Page
- Page URL: http://localhost:3000/finances
- Page Title: Revisional — Dra. Isis Lisboa & Associados
### Snapshot
- [Snapshot](.playwright-cli/page-2026-02-23T18-01-35-492Z.yml)
### Page
- Page URL: http://localhost:3000/finances
- Page Title: Revisional — Dra. Isis Lisboa & Associados
### Snapshot
- [Snapshot](.playwright-cli/page-2026-02-23T18-01-41-357Z.yml)
### Result
- [Screenshot of viewport](.playwright-cli/page-2026-02-23T18-01-45-900Z.png)
### Ran Playwright code
```js
// Screenshot viewport and save it as .playwright-cli/page-2026-02-23T18-01-45-900Z.png
await page.screenshot({
path: '.playwright-cli/page-2026-02-23T18-01-45-900Z.png',
  scale: 'css',
  type: 'png'
});
```
### Page
- Page URL: http://localhost:3000/finances
- Page Title: Revisional — Dra. Isis Lisboa & Associados
### Snapshot
- [Snapshot](.playwright-cli/page-2026-02-23T18-01-50-267Z.yml)
### Ran Playwright code
```js
await page.getByRole('link', { name: 'Configurações' }).click();
```
### Page
- Page URL: http://localhost:3000/settings
- Page Title: Revisional — Dra. Isis Lisboa & Associados
### Snapshot
- [Snapshot](.playwright-cli/page-2026-02-23T18-02-03-471Z.yml)
### Page
- Page URL: http://localhost:3000/settings
- Page Title: Revisional — Dra. Isis Lisboa & Associados
### Snapshot
- [Snapshot](.playwright-cli/page-2026-02-23T18-02-09-263Z.yml)
### Result
- [Screenshot of viewport](.playwright-cli/page-2026-02-23T18-02-13-300Z.png)
### Ran Playwright code
```js
// Screenshot viewport and save it as .playwright-cli/page-2026-02-23T18-02-13-300Z.png
await page.screenshot({
path: '.playwright-cli/page-2026-02-23T18-02-13-300Z.png',
  scale: 'css',
  type: 'png'
});
```
